Jun 24 05:34:12 [Warning] [default] [default] Exception Object
(
    [message:protected] => could not find driver
    [string:Exception:private] => Exception: could not find driver in /usr/share/nginx/html/lhc_web/lib/core/lhcore/lhdb.php:65
Stack trace:
#0 /usr/share/nginx/html/lhc_web/ezcomponents/Base/src/init.php(120): erLhcoreClassLazyDatabaseConfiguration::configureObject(false)
#1 /usr/share/nginx/html/lhc_web/ezcomponents/Database/src/instance.php(96): ezcBaseInit::fetchConfig('ezcInitDatabase...', false)
#2 /usr/share/nginx/html/lhc_web/lib/core/lhcore/lhlog.php(92): ezcDbInstance::get()
#3 /usr/share/nginx/html/lhc_web/ezcomponents/Base/src/init.php(120): erLhcoreClassLog::configureObject(Object(ezcLog))
#4 /usr/share/nginx/html/lhc_web/ezcomponents/EventLog/src/log.php(243): ezcBaseInit::fetchConfig('ezcInitLog', Object(ezcLog))
#5 /usr/share/nginx/html/lhc_web/lib/core/lhcore/lhlog.php(64): ezcLog::getInstance()
#6 /usr/share/nginx/html/lhc_web/index.php(72): erLhcoreClassLog::write('Exception Objec...')
#7 {main}
    [code:protected] => 0
    [file:protected] => /usr/share/nginx/html/lhc_web/lib/core/lhcore/lhdb.php
    [line:protected] => 65
    [trace:Exception:private] => Array
        (
            [0] => Array
                (
                    [file] => /usr/share/nginx/html/lhc_web/ezcomponents/Base/src/init.php
                    [line] => 120
                    [function] => configureObject
                    [class] => erLhcoreClassLazyDatabaseConfiguration
                    [type] => ::
                    [args] => Array
                        (
                            [0] => 
                        )

                )

            [1] => Array
                (
                    [file] => /usr/share/nginx/html/lhc_web/ezcomponents/Database/src/instance.php
                    [line] => 96
                    [function] => fetchConfig
                    [class] => ezcBaseInit
                    [type] => ::
                    [args] => Array
                        (
                            [0] => ezcInitDatabaseInstance
                            [1] => 
                        )

                )

            [2] => Array
                (
                    [file] => /usr/share/nginx/html/lhc_web/lib/core/lhcore/lhlog.php
                    [line] => 92
                    [function] => get
                    [class] => ezcDbInstance
                    [type] => ::
                    [args] => Array
                        (
                        )

                )

            [3] => Array
                (
                    [file] => /usr/share/nginx/html/lhc_web/ezcomponents/Base/src/init.php
                    [line] => 120
                    [function] => configureObject
                    [class] => erLhcoreClassLog
                    [type] => ::
                    [args] => Array
                        (
                            [0] => ezcLog Object
                                (
                                    [properties:ezcLog:private] => Array
                                        (
                                            [source] => default
                                            [category] => default
                                        )

                                    [writers:protected] => ezcLogFilterSet Object
                                        (
                                            [rules:ezcLogFilterSet:private] => Array
                                                (
                                                    [0] => ezcLogFilterRule Object
                                                        (
                                                            [filter:ezcLogFilterRule:private] => ezcLogFilter Object
                                                                (
                                                                    [severity] => 249
                                                                    [source] => Array
                                                                        (
                                                                            [0] => *
                                                                        )

                                                                    [category] => Array
                                                                        (
                                                                            [0] => *
                                                                        )

                                                                )

                                                            [continueProcessing:ezcLogFilterRule:private] => 1
                                                            [container:ezcLogFilterRule:private] => Array
                                                                (
                                                                    [0] => ezcLogUnixFileWriter Object
                                                                        (
                                                                            [openFiles:protected] => Array
                                                                                (
                                                                                    [cache/default.log] => Resource id #51
                                                                                )

                                                                            [fileMap:protected] => ezcLogFilterSet Object
                                                                                (
                                                                                    [rules:ezcLogFilterSet:private] => Array
                                                                                        (
                                                                                        )

                                                                                    [cache:ezcLogFilterSet:private] => Array
                                                                                        (
                                                                                        )

                                                                                )

                                                                            [logDirectory:protected] => cache
                                                                            [maxSize:protected] => 204800
                                                                            [maxFiles:protected] => 5
                                                                            [defaultGroup:protected] => 
                                                                            [defaultUser:protected] => 
                                                                            [defaultFile] => default.log
                                                                        )

                                                                )

                                                            [severityStar:ezcLogFilterRule:private] => 
                                                            [sourceStar:ezcLogFilterRule:private] => 1
                                                            [categoryStar:ezcLogFilterRule:private] => 1
                                                            [structure:ezcLogFilterRule:private] => Array
                                                                (
                                                                    [1_*_*] => 1
                                                                    [8_*_*] => 1
                                                                    [16_*_*] => 1
                                                                    [32_*_*] => 1
                                                                    [64_*_*] => 1
                                                                    [128_*_*] => 1
                                                                )

                                                        )

                                                )

                                            [cache:ezcLogFilterSet:private] => Array
                                                (
                                                )

                                        )

                                    [context:protected] => ezcLogContext Object
                                        (
                                            [severityMap:protected] => 
                                            [sourceMap:protected] => 
                                        )

                                    [throwWriterExceptions:ezcLog:private] => 1
                                )

                        )

                )

            [4] => Array
                (
                    [file] => /usr/share/nginx/html/lhc_web/ezcomponents/EventLog/src/log.php
                    [line] => 243
                    [function] => fetchConfig
                    [class] => ezcBaseInit
                    [type] => ::
                    [args] => Array
                        (
                            [0] => ezcInitLog
                            [1] => ezcLog Object
                                (
                                    [properties:ezcLog:private] => Array
                                        (
                                            [source] => default
                                            [category] => default
                                        )

                                    [writers:protected] => ezcLogFilterSet Object
                                        (
                                            [rules:ezcLogFilterSet:private] => Array
                                                (
                                                    [0] => ezcLogFilterRule Object
                                                        (
                                                            [filter:ezcLogFilterRule:private] => ezcLogFilter Object
                                                                (
                                                                    [severity] => 249
                                                                    [source] => Array
                                                                        (
                                                                            [0] => *
                                                                        )

                                                                    [category] => Array
                                                                        (
                                                                            [0] => *
                                                                        )

                                                                )

                                                            [continueProcessing:ezcLogFilterRule:private] => 1
                                                            [container:ezcLogFilterRule:private] => Array
                                                                (
                                                                    [0] => ezcLogUnixFileWriter Object
                                                                        (
                                                                            [openFiles:protected] => Array
                                                                                (
                                                                                    [cache/default.log] => Resource id #51
                                                                                )

                                                                            [fileMap:protected] => ezcLogFilterSet Object
                                                                                (
                                                                                    [rules:ezcLogFilterSet:private] => Array
                                                                                        (
                                                                                        )

                                                                                    [cache:ezcLogFilterSet:private] => Array
                                                                                        (
                                                                                        )

                                                                                )

                                                                            [logDirectory:protected] => cache
                                                                            [maxSize:protected] => 204800
                                                                            [maxFiles:protected] => 5
                                                                            [defaultGroup:protected] => 
                                                                            [defaultUser:protected] => 
                                                                            [defaultFile] => default.log
                                                                        )

                                                                )

                                                            [severityStar:ezcLogFilterRule:private] => 
                                                            [sourceStar:ezcLogFilterRule:private] => 1
                                                            [categoryStar:ezcLogFilterRule:private] => 1
                                                            [structure:ezcLogFilterRule:private] => Array
                                                                (
                                                                    [1_*_*] => 1
                                                                    [8_*_*] => 1
                                                                    [16_*_*] => 1
                                                                    [32_*_*] => 1
                                                                    [64_*_*] => 1
                                                                    [128_*_*] => 1
                                                                )

                                                        )

                                                )

                                            [cache:ezcLogFilterSet:private] => Array
                                                (
                                                )

                                        )

                                    [context:protected] => ezcLogContext Object
                                        (
                                            [severityMap:protected] => 
                                            [sourceMap:protected] => 
                                        )

                                    [throwWriterExceptions:ezcLog:private] => 1
                                )

                        )

                )

            [5] => Array
                (
                    [file] => /usr/share/nginx/html/lhc_web/lib/core/lhcore/lhlog.php
                    [line] => 64
                    [function] => getInstance
                    [class] => ezcLog
                    [type] => ::
                    [args] => Array
                        (
                        )

                )

            [6] => Array
                (
                    [file] => /usr/share/nginx/html/lhc_web/index.php
                    [line] => 72
                    [function] => write
                    [class] => erLhcoreClassLog
                    [type] => ::
                    [args] => Array
                        (
                            [0] => Exception Object
(
    [message:protected] => could not find driver
    [string:Exception:private] => Exception: could not find driver in /usr/share/nginx/html/lhc_web/lib/core/lhcore/lhdb.php:65
Stack trace:
#0 /usr/share/nginx/html/lhc_web/ezcomponents/Base/src/init.php(120): erLhcoreClassLazyDatabaseConfiguration::configureObject(false)
#1 /usr/share/nginx/html/lhc_web/ezcomponents/Database/src/instance.php(96): ezcBaseInit::fetchConfig('ezcInitDatabase...', false)
#2 /usr/share/nginx/html/lhc_web/lib/core/lhpermission/lhrole.php(94): ezcDbInstance::get()
#3 /usr/share/nginx/html/lhc_web/lib/core/lhuser/lhuser.php(479): erLhcoreClassRole::accessArrayByUserID(NULL)
#4 /usr/share/nginx/html/lhc_web/lib/core/lhuser/lhuser.php(463): erLhcoreClassUser->generateAccessArray()
#5 /usr/share/nginx/html/lhc_web/lib/core/lhuser/lhuser.php(398): erLhcoreClassUser->accessArray()
#6 /usr/share/nginx/html/lhc_web/lib/core/lhcore/lhmodule.php(42): erLhcoreClassUser->hasAccessTo('lhchat', Array)
#7 /usr/share/nginx/html/lhc_web/lib/core/lhcore/lhmodule.php(547): erLhcoreClassModule::runModule()
#8 /usr/share/nginx/html/lhc_web/index.php(44): erLhcoreClassModule::moduleInit()
#9 {main}
    [code:protected] => 0
    [file:protected] => /usr/share/nginx/html/lhc_web/lib/core/lhcore/lhdb.php
    [line:protected] => 65
    [trace:Exception:private] => Array
        (
            [0] => Array
                (
                    [file] => /usr/share/nginx/html/lhc_web/ezcomponents/Base/src/init.php
                    [line] => 120
                    [function] => configureObject
                    [class] => erLhcoreClassLazyDatabaseConfiguration
                    [type] => ::
                    [args] => Array
                        (
                            [0] => 
                        )

                )

            [1] => Array
                (
                    [file] => /usr/share/nginx/html/lhc_web/ezcomponents/Database/src/instance.php
                    [line] => 96
                    [function] => fetchConfig
                    [class] => ezcBaseInit
                    [type] => ::
                    [args] => Array
                        (
                            [0] => ezcInitDatabaseInstance
                            [1] => 
                        )

                )

            [2] => Array
                (
                    [file] => /usr/share/nginx/html/lhc_web/lib/core/lhpermission/lhrole.php
                    [line] => 94
                    [function] => get
                    [class] => ezcDbInstance
                    [type] => ::
                    [args] => Array
                        (
                        )

                )

            [3] => Array
                (
                    [file] => /usr/share/nginx/html/lhc_web/lib/core/lhuser/lhuser.php
                    [line] => 479
                    [function] => accessArrayByUserID
                    [class] => erLhcoreClassRole
                    [type] => ::
                    [args] => Array
                        (
                            [0] => 
                        )

                )

            [4] => Array
                (
                    [file] => /usr/share/nginx/html/lhc_web/lib/core/lhuser/lhuser.php
                    [line] => 463
                    [function] => generateAccessArray
                    [class] => erLhcoreClassUser
                    [type] => ->
                    [args] => Array
                        (
                        )

                )

            [5] => Array
                (
                    [file] => /usr/share/nginx/html/lhc_web/lib/core/lhuser/lhuser.php
                    [line] => 398
                    [function] => accessArray
                    [class] => erLhcoreClassUser
                    [type] => ->
                    [args] => Array
                        (
                        )

                )

            [6] => Array
                (
                    [file] => /usr/share/nginx/html/lhc_web/lib/core/lhcore/lhmodule.php
                    [line] => 42
                    [function] => hasAccessTo
                    [class] => erLhcoreClassUser
                    [type] => ->
                    [args] => Array
                        (
                            [0] => lhchat
                            [1] => Array
                                (
                                    [0] => use_onlineusers
                                )

                        )

                )

            [7] => Array
                (
                    [file] => /usr/share/nginx/html/lhc_web/lib/core/lhcore/lhmodule.php
                    [line] => 547
                    [function] => runModule
                    [class] => erLhcoreClassModule
                    [type] => ::
                    [args] => Array
                        (
                        )

                )

            [8] => Array
                (
                    [file] => /usr/share/nginx/html/lhc_web/index.php
                    [line] => 44
                    [function] => moduleInit
                    [class] => erLhcoreClassModule
                    [type] => ::
                    [args] => Array
                        (
                        )

                )

        )

    [previous:Exception:private] => 
)

                        )

                )

        )

    [previous:Exception:private] => 
)
Jun 25 02:36:31 [Warning] [default] [default] Exception Object
(
    [message:protected] => SQLSTATE[HY000] [2002] Connection refused
    [string:Exception:private] => Exception: SQLSTATE[HY000] [2002] Connection refused in /usr/share/nginx/html/lhc_web/lib/core/lhcore/lhdb.php:65
Stack trace:
#0 /usr/share/nginx/html/lhc_web/ezcomponents/Base/src/init.php(120): erLhcoreClassLazyDatabaseConfiguration::configureObject(false)
#1 /usr/share/nginx/html/lhc_web/ezcomponents/Database/src/instance.php(96): ezcBaseInit::fetchConfig('ezcInitDatabase...', false)
#2 /usr/share/nginx/html/lhc_web/lib/core/lhcore/lhlog.php(92): ezcDbInstance::get()
#3 /usr/share/nginx/html/lhc_web/ezcomponents/Base/src/init.php(120): erLhcoreClassLog::configureObject(Object(ezcLog))
#4 /usr/share/nginx/html/lhc_web/ezcomponents/EventLog/src/log.php(243): ezcBaseInit::fetchConfig('ezcInitLog', Object(ezcLog))
#5 /usr/share/nginx/html/lhc_web/lib/core/lhcore/lhlog.php(64): ezcLog::getInstance()
#6 /usr/share/nginx/html/lhc_web/lib/core/lhcore/lhmodule.php(148): erLhcoreClassLog::write('Exception Objec...')
#7 /usr/share/nginx/html/lhc_web/lib/core/lhcore/lhmodule.php(547): erLhcoreClassModule::runModule()
#8 /usr/share/nginx/html/lhc_web/index.php(44): erLhcoreClassModule::moduleInit()
#9 {main}
    [code:protected] => 0
    [file:protected] => /usr/share/nginx/html/lhc_web/lib/core/lhcore/lhdb.php
    [line:protected] => 65
    [trace:Exception:private] => Array
        (
            [0] => Array
                (
                    [file] => /usr/share/nginx/html/lhc_web/ezcomponents/Base/src/init.php
                    [line] => 120
                    [function] => configureObject
                    [class] => erLhcoreClassLazyDatabaseConfiguration
                    [type] => ::
                    [args] => Array
                        (
                            [0] => 
                        )

                )

            [1] => Array
                (
                    [file] => /usr/share/nginx/html/lhc_web/ezcomponents/Database/src/instance.php
                    [line] => 96
                    [function] => fetchConfig
                    [class] => ezcBaseInit
                    [type] => ::
                    [args] => Array
                        (
                            [0] => ezcInitDatabaseInstance
                            [1] => 
                        )

                )

            [2] => Array
                (
                    [file] => /usr/share/nginx/html/lhc_web/lib/core/lhcore/lhlog.php
                    [line] => 92
                    [function] => get
                    [class] => ezcDbInstance
                    [type] => ::
                    [args] => Array
                        (
                        )

                )

            [3] => Array
                (
                    [file] => /usr/share/nginx/html/lhc_web/ezcomponents/Base/src/init.php
                    [line] => 120
                    [function] => configureObject
                    [class] => erLhcoreClassLog
                    [type] => ::
                    [args] => Array
                        (
                            [0] => ezcLog Object
                                (
                                    [properties:ezcLog:private] => Array
                                        (
                                            [source] => default
                                            [category] => default
                                        )

                                    [writers:protected] => ezcLogFilterSet Object
                                        (
                                            [rules:ezcLogFilterSet:private] => Array
                                                (
                                                    [0] => ezcLogFilterRule Object
                                                        (
                                                            [filter:ezcLogFilterRule:private] => ezcLogFilter Object
                                                                (
                                                                    [severity] => 249
                                                                    [source] => Array
                                                                        (
                                                                            [0] => *
                                                                        )

                                                                    [category] => Array
                                                                        (
                                                                            [0] => *
                                                                        )

                                                                )

                                                            [continueProcessing:ezcLogFilterRule:private] => 1
                                                            [container:ezcLogFilterRule:private] => Array
                                                                (
                                                                    [0] => ezcLogUnixFileWriter Object
                                                                        (
                                                                            [openFiles:protected] => Array
                                                                                (
                                                                                    [cache/default.log] => Resource id #125
                                                                                )

                                                                            [fileMap:protected] => ezcLogFilterSet Object
                                                                                (
                                                                                    [rules:ezcLogFilterSet:private] => Array
                                                                                        (
                                                                                        )

                                                                                    [cache:ezcLogFilterSet:private] => Array
                                                                                        (
                                                                                        )

                                                                                )

                                                                            [logDirectory:protected] => cache
                                                                            [maxSize:protected] => 204800
                                                                            [maxFiles:protected] => 5
                                                                            [defaultGroup:protected] => 
                                                                            [defaultUser:protected] => 
                                                                            [defaultFile] => default.log
                                                                        )

                                                                )

                                                            [severityStar:ezcLogFilterRule:private] => 
                                                            [sourceStar:ezcLogFilterRule:private] => 1
                                                            [categoryStar:ezcLogFilterRule:private] => 1
                                                            [structure:ezcLogFilterRule:private] => Array
                                                                (
                                                                    [1_*_*] => 1
                                                                    [8_*_*] => 1
                                                                    [16_*_*] => 1
                                                                    [32_*_*] => 1
                                                                    [64_*_*] => 1
                                                                    [128_*_*] => 1
                                                                )

                                                        )

                                                )

                                            [cache:ezcLogFilterSet:private] => Array
                                                (
                                                )

                                        )

                                    [context:protected] => ezcLogContext Object
                                        (
                                            [severityMap:protected] => 
                                            [sourceMap:protected] => 
                                        )

                                    [throwWriterExceptions:ezcLog:private] => 1
                                )

                        )

                )

            [4] => Array
                (
                    [file] => /usr/share/nginx/html/lhc_web/ezcomponents/EventLog/src/log.php
                    [line] => 243
                    [function] => fetchConfig
                    [class] => ezcBaseInit
                    [type] => ::
                    [args] => Array
                        (
                            [0] => ezcInitLog
                            [1] => ezcLog Object
                                (
                                    [properties:ezcLog:private] => Array
                                        (
                                            [source] => default
                                            [category] => default
                                        )

                                    [writers:protected] => ezcLogFilterSet Object
                                        (
                                            [rules:ezcLogFilterSet:private] => Array
                                                (
                                                    [0] => ezcLogFilterRule Object
                                                        (
                                                            [filter:ezcLogFilterRule:private] => ezcLogFilter Object
                                                                (
                                                                    [severity] => 249
                                                                    [source] => Array
                                                                        (
                                                                            [0] => *
                                                                        )

                                                                    [category] => Array
                                                                        (
                                                                            [0] => *
                                                                        )

                                                                )

                                                            [continueProcessing:ezcLogFilterRule:private] => 1
                                                            [container:ezcLogFilterRule:private] => Array
                                                                (
                                                                    [0] => ezcLogUnixFileWriter Object
                                                                        (
                                                                            [openFiles:protected] => Array
                                                                                (
                                                                                    [cache/default.log] => Resource id #125
                                                                                )

                                                                            [fileMap:protected] => ezcLogFilterSet Object
                                                                                (
                                                                                    [rules:ezcLogFilterSet:private] => Array
                                                                                        (
                                                                                        )

                                                                                    [cache:ezcLogFilterSet:private] => Array
                                                                                        (
                                                                                        )

                                                                                )

                                                                            [logDirectory:protected] => cache
                                                                            [maxSize:protected] => 204800
                                                                            [maxFiles:protected] => 5
                                                                            [defaultGroup:protected] => 
                                                                            [defaultUser:protected] => 
                                                                            [defaultFile] => default.log
                                                                        )

                                                                )

                                                            [severityStar:ezcLogFilterRule:private] => 
                                                            [sourceStar:ezcLogFilterRule:private] => 1
                                                            [categoryStar:ezcLogFilterRule:private] => 1
                                                            [structure:ezcLogFilterRule:private] => Array
                                                                (
                                                                    [1_*_*] => 1
                                                                    [8_*_*] => 1
                                                                    [16_*_*] => 1
                                                                    [32_*_*] => 1
                                                                    [64_*_*] => 1
                                                                    [128_*_*] => 1
                                                                )

                                                        )

                                                )

                                            [cache:ezcLogFilterSet:private] => Array
                                                (
                                                )

                                        )

                                    [context:protected] => ezcLogContext Object
                                        (
                                            [severityMap:protected] => 
                                            [sourceMap:protected] => 
                                        )

                                    [throwWriterExceptions:ezcLog:private] => 1
                                )

                        )

                )

            [5] => Array
                (
                    [file] => /usr/share/nginx/html/lhc_web/lib/core/lhcore/lhlog.php
                    [line] => 64
                    [function] => getInstance
                    [class] => ezcLog
                    [type] => ::
                    [args] => Array
                        (
                        )

                )

            [6] => Array
                (
                    [file] => /usr/share/nginx/html/lhc_web/lib/core/lhcore/lhmodule.php
                    [line] => 148
                    [function] => write
                    [class] => erLhcoreClassLog
                    [type] => ::
                    [args] => Array
                        (
                            [0] => Exception Object
(
    [message:protected] => SQLSTATE[HY000] [2002] Connection refused
    [string:Exception:private] => Exception: SQLSTATE[HY000] [2002] Connection refused in /usr/share/nginx/html/lhc_web/lib/core/lhcore/lhdb.php:65
Stack trace:
#0 /usr/share/nginx/html/lhc_web/ezcomponents/Base/src/init.php(120): erLhcoreClassLazyDatabaseConfiguration::configureObject(false)
#1 /usr/share/nginx/html/lhc_web/ezcomponents/Database/src/instance.php(96): ezcBaseInit::fetchConfig('ezcInitDatabase...', false)
#2 /usr/share/nginx/html/lhc_web/lib/core/lhchat/lhchat.php(748): ezcDbInstance::get()
#3 /usr/share/nginx/html/lhc_web/cache/compiledtemplates/074e7e0ed26f600e8c7d5bfa114291fe.php(1): erLhcoreClassChat::isOnline(false, false, Array)
#4 /usr/share/nginx/html/lhc_web/lib/core/lhtpl/tpl.php(558): include('/usr/share/ngin...')
#5 /usr/share/nginx/html/lhc_web/lib/core/lhtpl/tpl.php(531): erLhcoreClassTemplate->fetchExecute('cache/compiledt...')
#6 /usr/share/nginx/html/lhc_web/cache/compiledtemplates/637f2865c60a02ad97f85055e1b7ca2e.php(2): erLhcoreClassTemplate->fetch()
#7 /usr/share/nginx/html/lhc_web/lib/core/lhcore/lhmodule.php(96): include('/usr/share/ngin...')
#8 /usr/share/nginx/html/lhc_web/lib/core/lhcore/lhmodule.php(547): erLhcoreClassModule::runModule()
#9 /usr/share/nginx/html/lhc_web/index.php(44): erLhcoreClassModule::moduleInit()
#10 {main}
    [code:protected] => 0
    [file:protected] => /usr/share/nginx/html/lhc_web/lib/core/lhcore/lhdb.php
    [line:protected] => 65
    [trace:Exception:private] => Array
        (
            [0] => Array
                (
                    [file] => /usr/share/nginx/html/lhc_web/ezcomponents/Base/src/init.php
                    [line] => 120
                    [function] => configureObject
                    [class] => erLhcoreClassLazyDatabaseConfiguration
                    [type] => ::
                    [args] => Array
                        (
                            [0] => 
                        )

                )

            [1] => Array
                (
                    [file] => /usr/share/nginx/html/lhc_web/ezcomponents/Database/src/instance.php
                    [line] => 96
                    [function] => fetchConfig
                    [class] => ezcBaseInit
                    [type] => ::
                    [args] => Array
                        (
                            [0] => ezcInitDatabaseInstance
                            [1] => 
                        )

                )

            [2] => Array
                (
                    [file] => /usr/share/nginx/html/lhc_web/lib/core/lhchat/lhchat.php
                    [line] => 748
                    [function] => get
                    [class] => ezcDbInstance
                    [type] => ::
                    [args] => Array
                        (
                        )

                )

            [3] => Array
                (
                    [file] => /usr/share/nginx/html/lhc_web/cache/compiledtemplates/074e7e0ed26f600e8c7d5bfa114291fe.php
                    [line] => 1
                    [function] => isOnline
                    [class] => erLhcoreClassChat
                    [type] => ::
                    [args] => Array
                        (
                            [0] => 
                            [1] => 
                            [2] => Array
                                (
                                    [ignore_user_status] => 0
                                    [online_timeout] => 0
                                )

                        )

                )

            [4] => Array
                (
                    [file] => /usr/share/nginx/html/lhc_web/lib/core/lhtpl/tpl.php
                    [line] => 558
                    [args] => Array
                        (
                            [0] => /usr/share/nginx/html/lhc_web/cache/compiledtemplates/074e7e0ed26f600e8c7d5bfa114291fe.php
                        )

                    [function] => include
                )

            [5] => Array
                (
                    [file] => /usr/share/nginx/html/lhc_web/lib/core/lhtpl/tpl.php
                    [line] => 531
                    [function] => fetchExecute
                    [class] => erLhcoreClassTemplate
                    [type] => ->
                    [args] => Array
                        (
                            [0] => cache/compiledtemplates/074e7e0ed26f600e8c7d5bfa114291fe.php
                        )

                )

            [6] => Array
                (
                    [file] => /usr/share/nginx/html/lhc_web/cache/compiledtemplates/637f2865c60a02ad97f85055e1b7ca2e.php
                    [line] => 2
                    [function] => fetch
                    [class] => erLhcoreClassTemplate
                    [type] => ->
                    [args] => Array
                        (
                        )

                )

            [7] => Array
                (
                    [file] => /usr/share/nginx/html/lhc_web/lib/core/lhcore/lhmodule.php
                    [line] => 96
                    [args] => Array
                        (
                            [0] => /usr/share/nginx/html/lhc_web/cache/compiledtemplates/637f2865c60a02ad97f85055e1b7ca2e.php
                        )

                    [function] => include
                )

            [8] => Array
                (
                    [file] => /usr/share/nginx/html/lhc_web/lib/core/lhcore/lhmodule.php
                    [line] => 547
                    [function] => runModule
                    [class] => erLhcoreClassModule
                    [type] => ::
                    [args] => Array
                        (
                        )

                )

            [9] => Array
                (
                    [file] => /usr/share/nginx/html/lhc_web/index.php
                    [line] => 44
                    [function] => moduleInit
                    [class] => erLhcoreClassModule
                    [type] => ::
                    [args] => Array
                        (
                        )

                )

        )

    [previous:Exception:private] => 
)

                        )

                )

            [7] => Array
                (
                    [file] => /usr/share/nginx/html/lhc_web/lib/core/lhcore/lhmodule.php
                    [line] => 547
                    [function] => runModule
                    [class] => erLhcoreClassModule
                    [type] => ::
                    [args] => Array
                        (
                        )

                )

            [8] => Array
                (
                    [file] => /usr/share/nginx/html/lhc_web/index.php
                    [line] => 44
                    [function] => moduleInit
                    [class] => erLhcoreClassModule
                    [type] => ::
                    [args] => Array
                        (
                        )

                )

        )

    [previous:Exception:private] => 
)

Jun 25 10:02:11 [Warning] [default] [default] ezcPersistentQueryException Object
(
    [originalMessage] => A query failed internally in Persistent Object: SQLSTATE[22001]: String data, right truncated: 1406 Data too long for column 'uagent' at row 1 Query: 'INSERT INTO `lh_chat` ( `nick`, `status`, `status_sub`, `status_sub_arg`, `status_sub_sub`, `sender_user_id`, `time`, `user_id`, `hash`, `ip`, `referrer`, `dep_id`, `email`, `user_status`, `support_informed`, `country_code`, `country_name`, `user_typing`, `user_typing_txt`, `operator_typing`, `operator_typing_id`, `phone`, `has_unread_messages`, `has_unread_op_messages`, `last_user_msg_time`, `last_op_msg_time`, `last_msg_id`, `mail_send`, `lat`, `lon`, `city`, `additional_data`, `session_referrer`, `wait_time`, `chat_duration`, `chat_variables`, `priority`, `chat_initiator`, `user_tz_identifier`, `user_closed_ts`, `lsync`, `online_user_id`, `unread_messages_informed`, `unread_op_messages_informed`, `reinform_timeout`, `auto_responder_id`, `transfer_timeout_ts`, `transfer_if_na`, `transfer_timeout_ac`, `transfer_uid`, `na_cb_executed`, `fbst`, `nc_cb_executed`, `remarks`, `operation`, `operation_admin`, `screenshot_id`, `tslasign`, `usaccept`, `chat_locale`, `chat_locale_to`, `unanswered_chat`, `product_id`, `invitation_id`, `uagent`, `device_type`, `pnd_time`, `cls_time`, `anonymized`, `gbot_id` ) VALUES ( :ezcValue1, :ezcValue2, :ezcValue3, :ezcValue4, :ezcValue5, :ezcValue6, :ezcValue7, :ezcValue8, :ezcValue9, :ezcValue10, :ezcValue11, :ezcValue12, :ezcValue13, :ezcValue14, :ezcValue15, :ezcValue16, :ezcValue17, :ezcValue18, :ezcValue19, :ezcValue20, :ezcValue21, :ezcValue22, :ezcValue23, :ezcValue24, :ezcValue25, :ezcValue26, :ezcValue27, :ezcValue28, :ezcValue29, :ezcValue30, :ezcValue31, :ezcValue32, :ezcValue33, :ezcValue34, :ezcValue35, :ezcValue36, :ezcValue37, :ezcValue38, :ezcValue39, :ezcValue40, :ezcValue41, :ezcValue42, :ezcValue43, :ezcValue44, :ezcValue45, :ezcValue46, :ezcValue47, :ezcValue48, :ezcValue49, :ezcValue50, :ezcValue51, :ezcValue52, :ezcValue53, :ezcValue54, :ezcValue55, :ezcValue56, :ezcValue57, :ezcValue58, :ezcValue59, :ezcValue60, :ezcValue61, :ezcValue62, :ezcValue63, :ezcValue64, :ezcValue65, :ezcValue66, :ezcValue67, :ezcValue68, :ezcValue69, :ezcValue70 )'
    [message:protected] => A query failed internally in Persistent Object: SQLSTATE[22001]: String data, right truncated: 1406 Data too long for column 'uagent' at row 1 Query: 'INSERT INTO `lh_chat` ( `nick`, `status`, `status_sub`, `status_sub_arg`, `status_sub_sub`, `sender_user_id`, `time`, `user_id`, `hash`, `ip`, `referrer`, `dep_id`, `email`, `user_status`, `support_informed`, `country_code`, `country_name`, `user_typing`, `user_typing_txt`, `operator_typing`, `operator_typing_id`, `phone`, `has_unread_messages`, `has_unread_op_messages`, `last_user_msg_time`, `last_op_msg_time`, `last_msg_id`, `mail_send`, `lat`, `lon`, `city`, `additional_data`, `session_referrer`, `wait_time`, `chat_duration`, `chat_variables`, `priority`, `chat_initiator`, `user_tz_identifier`, `user_closed_ts`, `lsync`, `online_user_id`, `unread_messages_informed`, `unread_op_messages_informed`, `reinform_timeout`, `auto_responder_id`, `transfer_timeout_ts`, `transfer_if_na`, `transfer_timeout_ac`, `transfer_uid`, `na_cb_executed`, `fbst`, `nc_cb_executed`, `remarks`, `operation`, `operation_admin`, `screenshot_id`, `tslasign`, `usaccept`, `chat_locale`, `chat_locale_to`, `unanswered_chat`, `product_id`, `invitation_id`, `uagent`, `device_type`, `pnd_time`, `cls_time`, `anonymized`, `gbot_id` ) VALUES ( :ezcValue1, :ezcValue2, :ezcValue3, :ezcValue4, :ezcValue5, :ezcValue6, :ezcValue7, :ezcValue8, :ezcValue9, :ezcValue10, :ezcValue11, :ezcValue12, :ezcValue13, :ezcValue14, :ezcValue15, :ezcValue16, :ezcValue17, :ezcValue18, :ezcValue19, :ezcValue20, :ezcValue21, :ezcValue22, :ezcValue23, :ezcValue24, :ezcValue25, :ezcValue26, :ezcValue27, :ezcValue28, :ezcValue29, :ezcValue30, :ezcValue31, :ezcValue32, :ezcValue33, :ezcValue34, :ezcValue35, :ezcValue36, :ezcValue37, :ezcValue38, :ezcValue39, :ezcValue40, :ezcValue41, :ezcValue42, :ezcValue43, :ezcValue44, :ezcValue45, :ezcValue46, :ezcValue47, :ezcValue48, :ezcValue49, :ezcValue50, :ezcValue51, :ezcValue52, :ezcValue53, :ezcValue54, :ezcValue55, :ezcValue56, :ezcValue57, :ezcValue58, :ezcValue59, :ezcValue60, :ezcValue61, :ezcValue62, :ezcValue63, :ezcValue64, :ezcValue65, :ezcValue66, :ezcValue67, :ezcValue68, :ezcValue69, :ezcValue70 )'
    [string:Exception:private] => ezcPersistentQueryException: A query failed internally in Persistent Object: SQLSTATE[22001]: String data, right truncated: 1406 Data too long for column 'uagent' at row 1 Query: 'INSERT INTO `lh_chat` ( `nick`, `status`, `status_sub`, `status_sub_arg`, `status_sub_sub`, `sender_user_id`, `time`, `user_id`, `hash`, `ip`, `referrer`, `dep_id`, `email`, `user_status`, `support_informed`, `country_code`, `country_name`, `user_typing`, `user_typing_txt`, `operator_typing`, `operator_typing_id`, `phone`, `has_unread_messages`, `has_unread_op_messages`, `last_user_msg_time`, `last_op_msg_time`, `last_msg_id`, `mail_send`, `lat`, `lon`, `city`, `additional_data`, `session_referrer`, `wait_time`, `chat_duration`, `chat_variables`, `priority`, `chat_initiator`, `user_tz_identifier`, `user_closed_ts`, `lsync`, `online_user_id`, `unread_messages_informed`, `unread_op_messages_informed`, `reinform_timeout`, `auto_responder_id`, `transfer_timeout_ts`, `transfer_if_na`, `transfer_timeout_ac`, `transfer_uid`, `na_cb_executed`, `fbst`, `nc_cb_executed`, `remarks`, `operation`, `operation_admin`, `screenshot_id`, `tslasign`, `usaccept`, `chat_locale`, `chat_locale_to`, `unanswered_chat`, `product_id`, `invitation_id`, `uagent`, `device_type`, `pnd_time`, `cls_time`, `anonymized`, `gbot_id` ) VALUES ( :ezcValue1, :ezcValue2, :ezcValue3, :ezcValue4, :ezcValue5, :ezcValue6, :ezcValue7, :ezcValue8, :ezcValue9, :ezcValue10, :ezcValue11, :ezcValue12, :ezcValue13, :ezcValue14, :ezcValue15, :ezcValue16, :ezcValue17, :ezcValue18, :ezcValue19, :ezcValue20, :ezcValue21, :ezcValue22, :ezcValue23, :ezcValue24, :ezcValue25, :ezcValue26, :ezcValue27, :ezcValue28, :ezcValue29, :ezcValue30, :ezcValue31, :ezcValue32, :ezcValue33, :ezcValue34, :ezcValue35, :ezcValue36, :ezcValue37, :ezcValue38, :ezcValue39, :ezcValue40, :ezcValue41, :ezcValue42, :ezcValue43, :ezcValue44, :ezcValue45, :ezcValue46, :ezcValue47, :ezcValue48, :ezcValue49, :ezcValue50, :ezcValue51, :ezcValue52, :ezcValue53, :ezcValue54, :ezcValue55, :ezcValue56, :ezcValue57, :ezcValue58, :ezcValue59, :ezcValue60, :ezcValue61, :ezcValue62, :ezcValue63, :ezcValue64, :ezcValue65, :ezcValue66, :ezcValue67, :ezcValue68, :ezcValue69, :ezcValue70 )' in /usr/share/nginx/html/lhc_web/ezcomponents/PersistentObject/src/persistent_session.php:828
Stack trace:
#0 /usr/share/nginx/html/lhc_web/ezcomponents/PersistentObject/src/handlers/save_handler.php(315): ezcPersistentSession->performQuery()
#1 /usr/share/nginx/html/lhc_web/ezcomponents/PersistentObject/src/handlers/save_handler.php(103): ezcPersistentSaveHandler->saveInternal()
#2 /usr/share/nginx/html/lhc_web/ezcomponents/PersistentObject/src/persistent_session.php(454): ezcPersistentSaveHandler->saveOrUpdate()
#3 /usr/share/nginx/html/lhc_web/lib/core/lhcore/lhdbtrait.php(16): ezcPersistentSession->saveOrUpdate()
#4 /usr/share/nginx/html/lhc_web/cache/compiledtemplates/a6e160be59ee0b1f604f77153d6491c8.php(11): erLhcoreClassModelChat->saveThis()
#5 /usr/share/nginx/html/lhc_web/lib/core/lhcore/lhmodule.php(96): include('/usr/share/ngin...')
#6 /usr/share/nginx/html/lhc_web/lib/core/lhcore/lhmodule.php(547): erLhcoreClassModule::runModule()
#7 /usr/share/nginx/html/lhc_web/index.php(44): erLhcoreClassModule::moduleInit()
#8 {main}
    [code:protected] => 0
    [file:protected] => /usr/share/nginx/html/lhc_web/ezcomponents/PersistentObject/src/persistent_session.php
    [line:protected] => 828
    [trace:Exception:private] => Array
        (
            [0] => Array
                (
                    [file] => /usr/share/nginx/html/lhc_web/ezcomponents/PersistentObject/src/handlers/save_handler.php
                    [line] => 315
                    [function] => performQuery
                    [class] => ezcPersistentSession
                    [type] => ->
                )

            [1] => Array
                (
                    [file] => /usr/share/nginx/html/lhc_web/ezcomponents/PersistentObject/src/handlers/save_handler.php
                    [line] => 103
                    [function] => saveInternal
                    [class] => ezcPersistentSaveHandler
                    [type] => ->
                )

            [2] => Array
                (
                    [file] => /usr/share/nginx/html/lhc_web/ezcomponents/PersistentObject/src/persistent_session.php
                    [line] => 454
                    [function] => saveOrUpdate
                    [class] => ezcPersistentSaveHandler
                    [type] => ->
                )

            [3] => Array
                (
                    [file] => /usr/share/nginx/html/lhc_web/lib/core/lhcore/lhdbtrait.php
                    [line] => 16
                    [function] => saveOrUpdate
                    [class] => ezcPersistentSession
                    [type] => ->
                )

            [4] => Array
                (
                    [file] => /usr/share/nginx/html/lhc_web/cache/compiledtemplates/a6e160be59ee0b1f604f77153d6491c8.php
                    [line] => 11
                    [function] => saveThis
                    [class] => erLhcoreClassModelChat
                    [type] => ->
                )

            [5] => Array
                (
                    [file] => /usr/share/nginx/html/lhc_web/lib/core/lhcore/lhmodule.php
                    [line] => 96
                    [args] => Array
                        (
                            [0] => /usr/share/nginx/html/lhc_web/cache/compiledtemplates/a6e160be59ee0b1f604f77153d6491c8.php
                        )

                    [function] => include
                )

            [6] => Array
                (
                    [file] => /usr/share/nginx/html/lhc_web/lib/core/lhcore/lhmodule.php
                    [line] => 547
                    [function] => runModule
                    [class] => erLhcoreClassModule
                    [type] => ::
                )

            [7] => Array
                (
                    [file] => /usr/share/nginx/html/lhc_web/index.php
                    [line] => 44
                    [function] => moduleInit
                    [class] => erLhcoreClassModule
                    [type] => ::
                )

        )

    [previous:Exception:private] => 
)

